[04:03:08] [Server thread/INFO]: Starting minecraft server version 1.15.2
[04:03:08] [Server thread/INFO]: Loading properties
[04:03:09] [Server thread/INFO]: This server is running Paper version git-Paper-318 (MC: 1.15.2) (Implementing API version 1.15.2-R0.1-SNAPSHOT)
[04:03:09] [Server thread/INFO]: Debug logging is disabled
[04:03:09] [Server thread/INFO]: Server Ping Player Sample Count: 12
[04:03:09] [Server thread/INFO]: Using 4 threads for Netty based IO
[04:03:09] [Server thread/INFO]: Default game type: SURVIVAL
[04:03:09] [Server thread/INFO]: Generating keypair
[04:03:09] [Server thread/INFO]: Starting Minecraft server on *:25565
[04:03:09] [Server thread/INFO]: Using default channel type
[04:03:11] [Server thread/WARN]: Initializing Legacy Material Support. Unless you have legacy plugins and/or data this is a bug!
[04:03:15] [Server thread/WARN]: Legacy plugin SetHome v5.1 does not specify an api-version.
[04:03:16] [Server thread/WARN]: Legacy plugin VitalsTeleport v0.1 does not specify an api-version.
[04:03:16] [Server thread/WARN]: Legacy plugin Timber v1.5 does not specify an api-version.
[04:03:16] [Server thread/WARN]: Legacy plugin HealthBar v1.8.3 does not specify an api-version.
[04:03:16] [Server thread/INFO]: [SetHome] Loading SetHome v5.1
[04:03:16] [Server thread/INFO]: [VitalsTeleport] Loading VitalsTeleport v0.1
[04:03:16] [Server thread/INFO]: [Timber] Loading Timber v1.5
[04:03:16] [Server thread/INFO]: [HealthBar] Loading HealthBar v1.8.3
[04:03:16] [Server thread/INFO]: Server permissions file permissions.yml is empty, ignoring it
[04:03:16] [Server thread/WARN]: **** SERVER IS RUNNING IN OFFLINE/INSECURE MODE!
[04:03:16] [Server thread/WARN]: The server will make no attempt to authenticate usernames. Beware.
[04:03:16] [Server thread/WARN]: While this makes the game possible to play without internet access, it also opens up the ability for hackers to connect with any username they choose.
[04:03:16] [Server thread/WARN]: To change this, set "online-mode" to "true" in the server.properties file.
[04:03:16] [Server thread/INFO]: Preparing level "world"
[04:03:16] [Server thread/INFO]: Reloading ResourceManager: Default, bukkit
[04:03:17] [Server thread/INFO]: Loaded 6 recipes
[04:03:17] [Server thread/INFO]: -------- World Settings For [world] --------
[04:03:17] [Server thread/INFO]: Nerfing mobs spawned from spawners: false
[04:03:17] [Server thread/INFO]: View Distance: 10
[04:03:17] [Server thread/INFO]: Item Merge Radius: 2.5
[04:03:17] [Server thread/INFO]: Item Despawn Rate: 6000
[04:03:17] [Server thread/INFO]: Arrow Despawn Rate: 1200 Trident Respawn Rate:1200
[04:03:17] [Server thread/INFO]: Allow Zombie Pigmen to spawn from portal blocks: true
[04:03:17] [Server thread/INFO]: Zombie Aggressive Towards Villager: true
[04:03:17] [Server thread/INFO]: Mob Spawn Range: 8
[04:03:17] [Server thread/INFO]: Entity Tracking Range: Pl 48 / An 48 / Mo 48 / Mi 32 / Other 64
[04:03:17] [Server thread/INFO]: Cactus Growth Modifier: 100%
[04:03:17] [Server thread/INFO]: Cane Growth Modifier: 100%
[04:03:17] [Server thread/INFO]: Melon Growth Modifier: 100%
[04:03:17] [Server thread/INFO]: Mushroom Growth Modifier: 100%
[04:03:17] [Server thread/INFO]: Pumpkin Growth Modifier: 100%
[04:03:17] [Server thread/INFO]: Sapling Growth Modifier: 100%
[04:03:17] [Server thread/INFO]: Beetroot Growth Modifier: 100%
[04:03:17] [Server thread/INFO]: Carrot Growth Modifier: 100%
[04:03:17] [Server thread/INFO]: Potato Growth Modifier: 100%
[04:03:17] [Server thread/INFO]: Wheat Growth Modifier: 100%
[04:03:17] [Server thread/INFO]: NetherWart Growth Modifier: 100%
[04:03:17] [Server thread/INFO]: Vine Growth Modifier: 100%
[04:03:17] [Server thread/INFO]: Cocoa Growth Modifier: 100%
[04:03:17] [Server thread/INFO]: Bamboo Growth Modifier: 100%
[04:03:17] [Server thread/INFO]: SweetBerry Growth Modifier: 100%
[04:03:17] [Server thread/INFO]: Kelp Growth Modifier: 100%
[04:03:17] [Server thread/INFO]: Entity Activation Range: An 32 / Mo 32 / Ra 48 / Mi 16 / Tiv true
[04:03:17] [Server thread/INFO]: Hopper Transfer: 8 Hopper Check: 1 Hopper Amount: 1
[04:03:17] [Server thread/INFO]: Experience Merge Radius: 3.0
[04:03:17] [Server thread/INFO]: Tile Max Tick Time: 50ms Entity max Tick Time: 50ms
[04:03:17] [Server thread/INFO]: Max TNT Explosions: 100
[04:03:17] [Server thread/INFO]: Custom Map Seeds:  Village: 10387312 Desert: 14357617 Igloo: 14357618 Jungle: 14357619 Swamp: 14357620 Monument: 10387313 Ocean: 14357621 Shipwreck: 165745295 End City: 10387313 Slime: 987234911
[04:03:21] [Server thread/INFO]: -------- World Settings For [world_nether] --------
[04:03:21] [Server thread/INFO]: Nerfing mobs spawned from spawners: false
[04:03:21] [Server thread/INFO]: View Distance: 10
[04:03:21] [Server thread/INFO]: Item Merge Radius: 2.5
[04:03:21] [Server thread/INFO]: Item Despawn Rate: 6000
[04:03:21] [Server thread/INFO]: Arrow Despawn Rate: 1200 Trident Respawn Rate:1200
[04:03:21] [Server thread/INFO]: Allow Zombie Pigmen to spawn from portal blocks: true
[04:03:21] [Server thread/INFO]: Zombie Aggressive Towards Villager: true
[04:03:21] [Server thread/INFO]: Mob Spawn Range: 8
[04:03:21] [Server thread/INFO]: Entity Tracking Range: Pl 48 / An 48 / Mo 48 / Mi 32 / Other 64
[04:03:21] [Server thread/INFO]: Cactus Growth Modifier: 100%
[04:03:21] [Server thread/INFO]: Cane Growth Modifier: 100%
[04:03:21] [Server thread/INFO]: Melon Growth Modifier: 100%
[04:03:21] [Server thread/INFO]: Mushroom Growth Modifier: 100%
[04:03:21] [Server thread/INFO]: Pumpkin Growth Modifier: 100%
[04:03:21] [Server thread/INFO]: Sapling Growth Modifier: 100%
[04:03:21] [Server thread/INFO]: Beetroot Growth Modifier: 100%
[04:03:21] [Server thread/INFO]: Carrot Growth Modifier: 100%
[04:03:21] [Server thread/INFO]: Potato Growth Modifier: 100%
[04:03:21] [Server thread/INFO]: Wheat Growth Modifier: 100%
[04:03:21] [Server thread/INFO]: NetherWart Growth Modifier: 100%
[04:03:21] [Server thread/INFO]: Vine Growth Modifier: 100%
[04:03:21] [Server thread/INFO]: Cocoa Growth Modifier: 100%
[04:03:21] [Server thread/INFO]: Bamboo Growth Modifier: 100%
[04:03:21] [Server thread/INFO]: SweetBerry Growth Modifier: 100%
[04:03:21] [Server thread/INFO]: Kelp Growth Modifier: 100%
[04:03:21] [Server thread/INFO]: Entity Activation Range: An 32 / Mo 32 / Ra 48 / Mi 16 / Tiv true
[04:03:21] [Server thread/INFO]: Hopper Transfer: 8 Hopper Check: 1 Hopper Amount: 1
[04:03:21] [Server thread/INFO]: Experience Merge Radius: 3.0
[04:03:21] [Server thread/INFO]: Tile Max Tick Time: 50ms Entity max Tick Time: 50ms
[04:03:21] [Server thread/INFO]: Max TNT Explosions: 100
[04:03:21] [Server thread/INFO]: Custom Map Seeds:  Village: 10387312 Desert: 14357617 Igloo: 14357618 Jungle: 14357619 Swamp: 14357620 Monument: 10387313 Ocean: 14357621 Shipwreck: 165745295 End City: 10387313 Slime: 987234911
[04:03:21] [Server thread/INFO]: -------- World Settings For [world_the_end] --------
[04:03:21] [Server thread/INFO]: Nerfing mobs spawned from spawners: false
[04:03:21] [Server thread/INFO]: View Distance: 10
[04:03:21] [Server thread/INFO]: Item Merge Radius: 2.5
[04:03:21] [Server thread/INFO]: Item Despawn Rate: 6000
[04:03:21] [Server thread/INFO]: Arrow Despawn Rate: 1200 Trident Respawn Rate:1200
[04:03:21] [Server thread/INFO]: Allow Zombie Pigmen to spawn from portal blocks: true
[04:03:21] [Server thread/INFO]: Zombie Aggressive Towards Villager: true
[04:03:21] [Server thread/INFO]: Mob Spawn Range: 8
[04:03:21] [Server thread/INFO]: Entity Tracking Range: Pl 48 / An 48 / Mo 48 / Mi 32 / Other 64
[04:03:21] [Server thread/INFO]: Cactus Growth Modifier: 100%
[04:03:21] [Server thread/INFO]: Cane Growth Modifier: 100%
[04:03:21] [Server thread/INFO]: Melon Growth Modifier: 100%
[04:03:21] [Server thread/INFO]: Mushroom Growth Modifier: 100%
[04:03:21] [Server thread/INFO]: Pumpkin Growth Modifier: 100%
[04:03:21] [Server thread/INFO]: Sapling Growth Modifier: 100%
[04:03:21] [Server thread/INFO]: Beetroot Growth Modifier: 100%
[04:03:21] [Server thread/INFO]: Carrot Growth Modifier: 100%
[04:03:21] [Server thread/INFO]: Potato Growth Modifier: 100%
[04:03:21] [Server thread/INFO]: Wheat Growth Modifier: 100%
[04:03:21] [Server thread/INFO]: NetherWart Growth Modifier: 100%
[04:03:21] [Server thread/INFO]: Vine Growth Modifier: 100%
[04:03:21] [Server thread/INFO]: Cocoa Growth Modifier: 100%
[04:03:21] [Server thread/INFO]: Bamboo Growth Modifier: 100%
[04:03:21] [Server thread/INFO]: SweetBerry Growth Modifier: 100%
[04:03:21] [Server thread/INFO]: Kelp Growth Modifier: 100%
[04:03:21] [Server thread/INFO]: Entity Activation Range: An 32 / Mo 32 / Ra 48 / Mi 16 / Tiv true
[04:03:21] [Server thread/INFO]: Hopper Transfer: 8 Hopper Check: 1 Hopper Amount: 1
[04:03:21] [Server thread/INFO]: Experience Merge Radius: 3.0
[04:03:21] [Server thread/INFO]: Tile Max Tick Time: 50ms Entity max Tick Time: 50ms
[04:03:21] [Server thread/INFO]: Max TNT Explosions: 100
[04:03:21] [Server thread/INFO]: Custom Map Seeds:  Village: 10387312 Desert: 14357617 Igloo: 14357618 Jungle: 14357619 Swamp: 14357620 Monument: 10387313 Ocean: 14357621 Shipwreck: 165745295 End City: 10387313 Slime: 987234911
[04:03:21] [Server thread/INFO]: Preparing start region for dimension 'world'/minecraft:overworld
[04:03:21] [Paper RegionFile IO Thread/INFO]: [RegionFile] Using Java 8 DirectByteBuffer cleanup method
[04:03:22] [Server thread/INFO]: Loaded 0 spawn chunks for world world
[04:03:22] [Server thread/INFO]: Time elapsed: 252 ms
[04:03:22] [Server thread/INFO]: Preparing start region for dimension 'world_nether'/minecraft:the_nether
[04:03:22] [Server thread/INFO]: Loaded 0 spawn chunks for world world_nether
[04:03:22] [Server thread/INFO]: Time elapsed: 55 ms
[04:03:22] [Server thread/INFO]: Preparing start region for dimension 'world_the_end'/minecraft:the_end
[04:03:22] [Server thread/INFO]: Loaded 0 spawn chunks for world world_the_end
[04:03:22] [Server thread/INFO]: Time elapsed: 69 ms
[04:03:22] [Server thread/INFO]: [SetHome] Enabling SetHome v5.1*
[04:03:22] [Server thread/INFO]: [VitalsTeleport] Enabling VitalsTeleport v0.1*
[04:03:22] [Server thread/INFO]: VitalsTeleport 0.1 Has been Enabled!
[04:03:22] [Server thread/INFO]: [Timber] Enabling Timber v1.5*
[04:03:22] [Server thread/INFO]: [Timber] Loaded config file
[04:03:22] [Server thread/INFO]: [HealthBar] Enabling HealthBar v1.8.3*
[04:03:22] [Server thread/INFO]: Running delayed init tasks
[04:03:22] [Server thread/INFO]: Done (14.030s)! For help, type "help"
[04:03:22] [Server thread/INFO]: Timings Reset
[04:06:18] [User Authenticator #1/INFO]: UUID of player weithy is dfbb98a7-27cb-38e4-aeb9-e227df1f397a
[04:06:18] [Server thread/INFO]: weithy joined the game
[04:06:19] [Server thread/INFO]: weithy[/192.168.15.168:55734] logged in with entity id 136 at ([world]-306.06053710883225, 75.0, -2572.2133762113303)
[04:07:00] [Server thread/INFO]: weithy issued server command: /home
[04:24:27] [Server thread/INFO]: weithy issued server command: /time set day
[04:24:27] [Server thread/INFO]: [weithy: Set the time to 1000]
[04:34:12] [Server thread/INFO]: weithy issued server command: /time set day
[04:34:12] [Server thread/INFO]: [weithy: Set the time to 1000]
[04:41:19] [Server thread/INFO]: weithy issued server command: /time set day
[04:41:19] [Server thread/INFO]: [weithy: Set the time to 1000]
[04:41:21] [Server thread/INFO]: weithy issued server command: /weather clear
[04:41:21] [Server thread/INFO]: [weithy: Set the weather to clear]
[04:46:41] [Server thread/INFO]: weithy issued server command: /weather clear
[04:46:41] [Server thread/INFO]: [weithy: Set the weather to clear]
[04:46:41] [Server thread/INFO]: weithy issued server command: /time set day
[04:46:41] [Server thread/INFO]: [weithy: Set the time to 1000]
[04:51:44] [Server thread/INFO]: weithy issued server command: /time set day
[04:51:44] [Server thread/INFO]: [weithy: Set the time to 1000]
[04:51:45] [Server thread/INFO]: weithy issued server command: /weather clear
[04:51:45] [Server thread/INFO]: [weithy: Set the weather to clear]
[04:54:06] [Server thread/INFO]: weithy issued server command: /weather clear
[04:54:06] [Server thread/INFO]: [weithy: Set the weather to clear]
[04:54:06] [Server thread/INFO]: weithy issued server command: /time set day
[04:54:06] [Server thread/INFO]: [weithy: Set the time to 1000]
[04:57:19] [Server thread/INFO]: weithy lost connection: Disconnected
[04:57:19] [Server thread/INFO]: weithy left the game
[05:23:46] [Server thread/INFO]: Stopping server
[05:23:46] [Server thread/INFO]: [HealthBar] Disabling HealthBar v1.8.3
[05:23:46] [Server thread/INFO]: HealthBar disabled, all the health bars have been removed.
[05:23:46] [Server thread/INFO]: [Timber] Disabling Timber v1.5
[05:23:46] [Server thread/INFO]: [VitalsTeleport] Disabling VitalsTeleport v0.1
[05:23:46] [Server thread/INFO]: VitalsTeleport0.1 Has been Disabled!
[05:23:46] [Server thread/INFO]: [SetHome] Disabling SetHome v5.1
[05:23:46] [Server thread/INFO]: Saving players
[05:23:46] [Server thread/INFO]: Saving worlds
[05:23:46] [Server thread/INFO]: Saving chunks for level 'world'/minecraft:overworld
[05:23:47] [Server thread/INFO]: ThreadedAnvilChunkStorage (world): All chunks are saved
[05:23:47] [Server thread/INFO]: Saving chunks for level 'world_nether'/minecraft:the_nether
[05:23:47] [Server thread/INFO]: ThreadedAnvilChunkStorage (DIM-1): All chunks are saved
[05:23:47] [Server thread/INFO]: Saving chunks for level 'world_the_end'/minecraft:the_end
[05:23:47] [Server thread/INFO]: ThreadedAnvilChunkStorage (DIM1): All chunks are saved
[05:23:47] [Server thread/INFO]: ThreadedAnvilChunkStorage (world): All chunks are saved
[05:23:47] [Server thread/INFO]: ThreadedAnvilChunkStorage (DIM-1): All chunks are saved
[05:23:47] [Server thread/INFO]: ThreadedAnvilChunkStorage (DIM1): All chunks are saved
[05:23:47] [Server thread/INFO]: Flushing Chunk IO
[05:23:47] [Server thread/INFO]: Closing Thread Pool
[05:23:47] [Server thread/INFO]: Closing Server
